 ⨯ Error: Cannot find module 'D:\Course\Finel course projects\UniTop\.next\server\pages\_error.js'
Require stack:
- D:\Course\Finel course projects\UniTop\node_modules\next\dist\server\require.js
- D:\Course\Finel course projects\UniTop\node_modules\next\dist\server\next-server.js
- D:\Course\Finel course projects\UniTop\node_modules\next\dist\server\next.js
- D:\Course\Finel course projects\UniTop\node_modules\next\dist\server\lib\start-server.js
- D:\Course\Finel course projects\UniTop\node_modules\next\dist\cli\next-start.js
    at Module.<anonymous> (node:internal/modules/cjs/loader:1500:15)
    at D:\Course\Finel course projects\UniTop\node_modules\next\dist\server\require-hook.js:55:36
    at wrapResolveFilename (node:internal/modules/cjs/loader:1071:27)
    at defaultResolveImplForCJSLoading (node:internal/modules/cjs/loader:1095:10)
    at resolveForCJSWithHooks (node:internal/modules/cjs/loader:1116:12)
    at Module._load (node:internal/modules/cjs/loader:1285:25)
    at wrapModuleLoad (node:internal/modules/cjs/loader:255:19)
    at Module.<anonymous> (node:internal/modules/cjs/loader:1600:12)
    at mod.require (D:\Course\Finel course projects\UniTop\node_modules\next\dist\server\require-hook.js:65:28)
    at require (node:internal/modules/helpers:153:16) {
  code: 'MODULE_NOT_FOUND',
  requireStack: [
    'D:\\Course\\Finel course projects\\UniTop\\node_modules\\next\\dist\\server\\require.js',
    'D:\\Course\\Finel course projects\\UniTop\\node_modules\\next\\dist\\server\\next-server.js',
    'D:\\Course\\Finel course projects\\UniTop\\node_modules\\next\\dist\\server\\next.js',
    'D:\\Course\\Finel course projects\\UniTop\\node_modules\\next\\dist\\server\\lib\\start-server.js',
    'D:\\Course\\Finel course projects\\UniTop\\node_modules\\next\\dist\\cli\\next-start.js'
  ]
}
 ⨯ Error: Cannot find module 'D:\Course\Finel course projects\UniTop\.next\server\app\admin\page.js'
Require stack:
- D:\Course\Finel course projects\UniTop\node_modules\next\dist\server\require.js
- D:\Course\Finel course projects\UniTop\node_modules\next\dist\server\next-server.js
- D:\Course\Finel course projects\UniTop\node_modules\next\dist\server\next.js
- D:\Course\Finel course projects\UniTop\node_modules\next\dist\server\lib\start-server.js
- D:\Course\Finel course projects\UniTop\node_modules\next\dist\cli\next-start.js
    at Module.<anonymous> (node:internal/modules/cjs/loader:1500:15)
    at D:\Course\Finel course projects\UniTop\node_modules\next\dist\server\require-hook.js:55:36
    at wrapResolveFilename (node:internal/modules/cjs/loader:1071:27)
    at defaultResolveImplForCJSLoading (node:internal/modules/cjs/loader:1095:10)
    at resolveForCJSWithHooks (node:internal/modules/cjs/loader:1116:12)
    at Module._load (node:internal/modules/cjs/loader:1285:25)
    at wrapModuleLoad (node:internal/modules/cjs/loader:255:19)
    at Module.<anonymous> (node:internal/modules/cjs/loader:1600:12)
    at mod.require (D:\Course\Finel course projects\UniTop\node_modules\next\dist\server\require-hook.js:65:28)
    at require (node:internal/modules/helpers:153:16) {
  code: 'MODULE_NOT_FOUND',
  requireStack: [
    'D:\\Course\\Finel course projects\\UniTop\\node_modules\\next\\dist\\server\\require.js',
    'D:\\Course\\Finel course projects\\UniTop\\node_modules\\next\\dist\\server\\next-server.js',
    'D:\\Course\\Finel course projects\\UniTop\\node_modules\\next\\dist\\server\\next.js',
    'D:\\Course\\Finel course projects\\UniTop\\node_modules\\next\\dist\\server\\lib\\start-server.js',
    'D:\\Course\\Finel course projects\\UniTop\\node_modules\\next\\dist\\cli\\next-start.js'
  ]
}
 ⨯ Error: Cannot find module 'D:\Course\Finel course projects\UniTop\.next\server\pages\_error.js'
Require stack:
- D:\Course\Finel course projects\UniTop\node_modules\next\dist\server\require.js
- D:\Course\Finel course projects\UniTop\node_modules\next\dist\server\next-server.js
- D:\Course\Finel course projects\UniTop\node_modules\next\dist\server\next.js
- D:\Course\Finel course projects\UniTop\node_modules\next\dist\server\lib\start-server.js
- D:\Course\Finel course projects\UniTop\node_modules\next\dist\cli\next-start.js
    at Module.<anonymous> (node:internal/modules/cjs/loader:1500:15)
    at D:\Course\Finel course projects\UniTop\node_modules\next\dist\server\require-hook.js:55:36
    at wrapResolveFilename (node:internal/modules/cjs/loader:1071:27)
    at defaultResolveImplForCJSLoading (node:internal/modules/cjs/loader:1095:10)
    at resolveForCJSWithHooks (node:internal/modules/cjs/loader:1116:12)
    at Module._load (node:internal/modules/cjs/loader:1285:25)
    at wrapModuleLoad (node:internal/modules/cjs/loader:255:19)
    at Module.<anonymous> (node:internal/modules/cjs/loader:1600:12)
    at mod.require (D:\Course\Finel course projects\UniTop\node_modules\next\dist\server\require-hook.js:65:28)
    at require (node:internal/modules/helpers:153:16) {
  code: 'MODULE_NOT_FOUND',
  requireStack: [
    'D:\\Course\\Finel course projects\\UniTop\\node_modules\\next\\dist\\server\\require.js',
    'D:\\Course\\Finel course projects\\UniTop\\node_modules\\next\\dist\\server\\next-server.js',
    'D:\\Course\\Finel course projects\\UniTop\\node_modules\\next\\dist\\server\\next.js',
    'D:\\Course\\Finel course projects\\UniTop\\node_modules\\next\\dist\\server\\lib\\start-server.js',
    'D:\\Course\\Finel course projects\\UniTop\\node_modules\\next\\dist\\cli\\next-start.js'
  ]
}
 ⨯ Error: Cannot find module 'D:\Course\Finel course projects\UniTop\.next\server\app\api\health\route.js'
Require stack:
- D:\Course\Finel course projects\UniTop\node_modules\next\dist\server\require.js
- D:\Course\Finel course projects\UniTop\node_modules\next\dist\server\next-server.js
- D:\Course\Finel course projects\UniTop\node_modules\next\dist\server\next.js
- D:\Course\Finel course projects\UniTop\node_modules\next\dist\server\lib\start-server.js
- D:\Course\Finel course projects\UniTop\node_modules\next\dist\cli\next-start.js
    at Module.<anonymous> (node:internal/modules/cjs/loader:1500:15)
    at D:\Course\Finel course projects\UniTop\node_modules\next\dist\server\require-hook.js:55:36
    at wrapResolveFilename (node:internal/modules/cjs/loader:1071:27)
    at defaultResolveImplForCJSLoading (node:internal/modules/cjs/loader:1095:10)
    at resolveForCJSWithHooks (node:internal/modules/cjs/loader:1116:12)
    at Module._load (node:internal/modules/cjs/loader:1285:25)
    at wrapModuleLoad (node:internal/modules/cjs/loader:255:19)
    at Module.<anonymous> (node:internal/modules/cjs/loader:1600:12)
    at mod.require (D:\Course\Finel course projects\UniTop\node_modules\next\dist\server\require-hook.js:65:28)
    at require (node:internal/modules/helpers:153:16) {
  code: 'MODULE_NOT_FOUND',
  requireStack: [
    'D:\\Course\\Finel course projects\\UniTop\\node_modules\\next\\dist\\server\\require.js',
    'D:\\Course\\Finel course projects\\UniTop\\node_modules\\next\\dist\\server\\next-server.js',
    'D:\\Course\\Finel course projects\\UniTop\\node_modules\\next\\dist\\server\\next.js',
    'D:\\Course\\Finel course projects\\UniTop\\node_modules\\next\\dist\\server\\lib\\start-server.js',
    'D:\\Course\\Finel course projects\\UniTop\\node_modules\\next\\dist\\cli\\next-start.js'
  ]
}
 ⨯ Error: Cannot find module 'D:\Course\Finel course projects\UniTop\.next\server\pages\_error.js'
Require stack:
- D:\Course\Finel course projects\UniTop\node_modules\next\dist\server\require.js
- D:\Course\Finel course projects\UniTop\node_modules\next\dist\server\next-server.js
- D:\Course\Finel course projects\UniTop\node_modules\next\dist\server\next.js
- D:\Course\Finel course projects\UniTop\node_modules\next\dist\server\lib\start-server.js
- D:\Course\Finel course projects\UniTop\node_modules\next\dist\cli\next-start.js
    at Module.<anonymous> (node:internal/modules/cjs/loader:1500:15)
    at D:\Course\Finel course projects\UniTop\node_modules\next\dist\server\require-hook.js:55:36
    at wrapResolveFilename (node:internal/modules/cjs/loader:1071:27)
    at defaultResolveImplForCJSLoading (node:internal/modules/cjs/loader:1095:10)
    at resolveForCJSWithHooks (node:internal/modules/cjs/loader:1116:12)
    at Module._load (node:internal/modules/cjs/loader:1285:25)
    at wrapModuleLoad (node:internal/modules/cjs/loader:255:19)
    at Module.<anonymous> (node:internal/modules/cjs/loader:1600:12)
    at mod.require (D:\Course\Finel course projects\UniTop\node_modules\next\dist\server\require-hook.js:65:28)
    at require (node:internal/modules/helpers:153:16) {
  code: 'MODULE_NOT_FOUND',
  requireStack: [
    'D:\\Course\\Finel course projects\\UniTop\\node_modules\\next\\dist\\server\\require.js',
    'D:\\Course\\Finel course projects\\UniTop\\node_modules\\next\\dist\\server\\next-server.js',
    'D:\\Course\\Finel course projects\\UniTop\\node_modules\\next\\dist\\server\\next.js',
    'D:\\Course\\Finel course projects\\UniTop\\node_modules\\next\\dist\\server\\lib\\start-server.js',
    'D:\\Course\\Finel course projects\\UniTop\\node_modules\\next\\dist\\cli\\next-start.js'
  ]
}
 ⨯ Error: Cannot find module 'D:\Course\Finel course projects\UniTop\.next\server\pages\_error.js'
Require stack:
- D:\Course\Finel course projects\UniTop\node_modules\next\dist\server\require.js
- D:\Course\Finel course projects\UniTop\node_modules\next\dist\server\next-server.js
- D:\Course\Finel course projects\UniTop\node_modules\next\dist\server\next.js
- D:\Course\Finel course projects\UniTop\node_modules\next\dist\server\lib\start-server.js
- D:\Course\Finel course projects\UniTop\node_modules\next\dist\cli\next-start.js
    at Module.<anonymous> (node:internal/modules/cjs/loader:1500:15)
    at D:\Course\Finel course projects\UniTop\node_modules\next\dist\server\require-hook.js:55:36
    at wrapResolveFilename (node:internal/modules/cjs/loader:1071:27)
    at defaultResolveImplForCJSLoading (node:internal/modules/cjs/loader:1095:10)
    at resolveForCJSWithHooks (node:internal/modules/cjs/loader:1116:12)
    at Module._load (node:internal/modules/cjs/loader:1285:25)
    at wrapModuleLoad (node:internal/modules/cjs/loader:255:19)
    at Module.<anonymous> (node:internal/modules/cjs/loader:1600:12)
    at mod.require (D:\Course\Finel course projects\UniTop\node_modules\next\dist\server\require-hook.js:65:28)
    at require (node:internal/modules/helpers:153:16) {
  code: 'MODULE_NOT_FOUND',
  requireStack: [
    'D:\\Course\\Finel course projects\\UniTop\\node_modules\\next\\dist\\server\\require.js',
    'D:\\Course\\Finel course projects\\UniTop\\node_modules\\next\\dist\\server\\next-server.js',
    'D:\\Course\\Finel course projects\\UniTop\\node_modules\\next\\dist\\server\\next.js',
    'D:\\Course\\Finel course projects\\UniTop\\node_modules\\next\\dist\\server\\lib\\start-server.js',
    'D:\\Course\\Finel course projects\\UniTop\\node_modules\\next\\dist\\cli\\next-start.js'
  ]
}
 ⨯ Error: Cannot find module 'D:\Course\Finel course projects\UniTop\.next\server\pages\_error.js'
Require stack:
- D:\Course\Finel course projects\UniTop\node_modules\next\dist\server\require.js
- D:\Course\Finel course projects\UniTop\node_modules\next\dist\server\next-server.js
- D:\Course\Finel course projects\UniTop\node_modules\next\dist\server\next.js
- D:\Course\Finel course projects\UniTop\node_modules\next\dist\server\lib\start-server.js
- D:\Course\Finel course projects\UniTop\node_modules\next\dist\cli\next-start.js
    at Module.<anonymous> (node:internal/modules/cjs/loader:1500:15)
    at D:\Course\Finel course projects\UniTop\node_modules\next\dist\server\require-hook.js:55:36
    at wrapResolveFilename (node:internal/modules/cjs/loader:1071:27)
    at defaultResolveImplForCJSLoading (node:internal/modules/cjs/loader:1095:10)
    at resolveForCJSWithHooks (node:internal/modules/cjs/loader:1116:12)
    at Module._load (node:internal/modules/cjs/loader:1285:25)
    at wrapModuleLoad (node:internal/modules/cjs/loader:255:19)
    at Module.<anonymous> (node:internal/modules/cjs/loader:1600:12)
    at mod.require (D:\Course\Finel course projects\UniTop\node_modules\next\dist\server\require-hook.js:65:28)
    at require (node:internal/modules/helpers:153:16) {
  code: 'MODULE_NOT_FOUND',
  requireStack: [
    'D:\\Course\\Finel course projects\\UniTop\\node_modules\\next\\dist\\server\\require.js',
    'D:\\Course\\Finel course projects\\UniTop\\node_modules\\next\\dist\\server\\next-server.js',
    'D:\\Course\\Finel course projects\\UniTop\\node_modules\\next\\dist\\server\\next.js',
    'D:\\Course\\Finel course projects\\UniTop\\node_modules\\next\\dist\\server\\lib\\start-server.js',
    'D:\\Course\\Finel course projects\\UniTop\\node_modules\\next\\dist\\cli\\next-start.js'
  ]
}
 ⨯ Error: Cannot find module 'D:\Course\Finel course projects\UniTop\.next\server\pages\_error.js'
Require stack:
- D:\Course\Finel course projects\UniTop\node_modules\next\dist\server\require.js
- D:\Course\Finel course projects\UniTop\node_modules\next\dist\server\next-server.js
- D:\Course\Finel course projects\UniTop\node_modules\next\dist\server\next.js
- D:\Course\Finel course projects\UniTop\node_modules\next\dist\server\lib\start-server.js
- D:\Course\Finel course projects\UniTop\node_modules\next\dist\cli\next-start.js
    at Module.<anonymous> (node:internal/modules/cjs/loader:1500:15)
    at D:\Course\Finel course projects\UniTop\node_modules\next\dist\server\require-hook.js:55:36
    at wrapResolveFilename (node:internal/modules/cjs/loader:1071:27)
    at defaultResolveImplForCJSLoading (node:internal/modules/cjs/loader:1095:10)
    at resolveForCJSWithHooks (node:internal/modules/cjs/loader:1116:12)
    at Module._load (node:internal/modules/cjs/loader:1285:25)
    at wrapModuleLoad (node:internal/modules/cjs/loader:255:19)
    at Module.<anonymous> (node:internal/modules/cjs/loader:1600:12)
    at mod.require (D:\Course\Finel course projects\UniTop\node_modules\next\dist\server\require-hook.js:65:28)
    at require (node:internal/modules/helpers:153:16) {
  code: 'MODULE_NOT_FOUND',
  requireStack: [
    'D:\\Course\\Finel course projects\\UniTop\\node_modules\\next\\dist\\server\\require.js',
    'D:\\Course\\Finel course projects\\UniTop\\node_modules\\next\\dist\\server\\next-server.js',
    'D:\\Course\\Finel course projects\\UniTop\\node_modules\\next\\dist\\server\\next.js',
    'D:\\Course\\Finel course projects\\UniTop\\node_modules\\next\\dist\\server\\lib\\start-server.js',
    'D:\\Course\\Finel course projects\\UniTop\\node_modules\\next\\dist\\cli\\next-start.js'
  ]
}
 ⨯ Error: Cannot find module 'D:\Course\Finel course projects\UniTop\.next\server\pages\_error.js'
Require stack:
- D:\Course\Finel course projects\UniTop\node_modules\next\dist\server\require.js
- D:\Course\Finel course projects\UniTop\node_modules\next\dist\server\next-server.js
- D:\Course\Finel course projects\UniTop\node_modules\next\dist\server\next.js
- D:\Course\Finel course projects\UniTop\node_modules\next\dist\server\lib\start-server.js
- D:\Course\Finel course projects\UniTop\node_modules\next\dist\cli\next-start.js
    at Module.<anonymous> (node:internal/modules/cjs/loader:1500:15)
    at D:\Course\Finel course projects\UniTop\node_modules\next\dist\server\require-hook.js:55:36
    at wrapResolveFilename (node:internal/modules/cjs/loader:1071:27)
    at defaultResolveImplForCJSLoading (node:internal/modules/cjs/loader:1095:10)
    at resolveForCJSWithHooks (node:internal/modules/cjs/loader:1116:12)
    at Module._load (node:internal/modules/cjs/loader:1285:25)
    at wrapModuleLoad (node:internal/modules/cjs/loader:255:19)
    at Module.<anonymous> (node:internal/modules/cjs/loader:1600:12)
    at mod.require (D:\Course\Finel course projects\UniTop\node_modules\next\dist\server\require-hook.js:65:28)
    at require (node:internal/modules/helpers:153:16) {
  code: 'MODULE_NOT_FOUND',
  requireStack: [
    'D:\\Course\\Finel course projects\\UniTop\\node_modules\\next\\dist\\server\\require.js',
    'D:\\Course\\Finel course projects\\UniTop\\node_modules\\next\\dist\\server\\next-server.js',
    'D:\\Course\\Finel course projects\\UniTop\\node_modules\\next\\dist\\server\\next.js',
    'D:\\Course\\Finel course projects\\UniTop\\node_modules\\next\\dist\\server\\lib\\start-server.js',
    'D:\\Course\\Finel course projects\\UniTop\\node_modules\\next\\dist\\cli\\next-start.js'
  ]
}
 ⨯ Error: Cannot find module 'D:\Course\Finel course projects\UniTop\.next\server\pages\_error.js'
Require stack:
- D:\Course\Finel course projects\UniTop\node_modules\next\dist\server\require.js
- D:\Course\Finel course projects\UniTop\node_modules\next\dist\server\next-server.js
- D:\Course\Finel course projects\UniTop\node_modules\next\dist\server\next.js
- D:\Course\Finel course projects\UniTop\node_modules\next\dist\server\lib\start-server.js
- D:\Course\Finel course projects\UniTop\node_modules\next\dist\cli\next-start.js
    at Module.<anonymous> (node:internal/modules/cjs/loader:1500:15)
    at D:\Course\Finel course projects\UniTop\node_modules\next\dist\server\require-hook.js:55:36
    at wrapResolveFilename (node:internal/modules/cjs/loader:1071:27)
    at defaultResolveImplForCJSLoading (node:internal/modules/cjs/loader:1095:10)
    at resolveForCJSWithHooks (node:internal/modules/cjs/loader:1116:12)
    at Module._load (node:internal/modules/cjs/loader:1285:25)
    at wrapModuleLoad (node:internal/modules/cjs/loader:255:19)
    at Module.<anonymous> (node:internal/modules/cjs/loader:1600:12)
    at mod.require (D:\Course\Finel course projects\UniTop\node_modules\next\dist\server\require-hook.js:65:28)
    at require (node:internal/modules/helpers:153:16) {
  code: 'MODULE_NOT_FOUND',
  requireStack: [
    'D:\\Course\\Finel course projects\\UniTop\\node_modules\\next\\dist\\server\\require.js',
    'D:\\Course\\Finel course projects\\UniTop\\node_modules\\next\\dist\\server\\next-server.js',
    'D:\\Course\\Finel course projects\\UniTop\\node_modules\\next\\dist\\server\\next.js',
    'D:\\Course\\Finel course projects\\UniTop\\node_modules\\next\\dist\\server\\lib\\start-server.js',
    'D:\\Course\\Finel course projects\\UniTop\\node_modules\\next\\dist\\cli\\next-start.js'
  ]
}
 ⨯ Error: Cannot find module 'D:\Course\Finel course projects\UniTop\.next\server\pages\_error.js'
Require stack:
- D:\Course\Finel course projects\UniTop\node_modules\next\dist\server\require.js
- D:\Course\Finel course projects\UniTop\node_modules\next\dist\server\next-server.js
- D:\Course\Finel course projects\UniTop\node_modules\next\dist\server\next.js
- D:\Course\Finel course projects\UniTop\node_modules\next\dist\server\lib\start-server.js
- D:\Course\Finel course projects\UniTop\node_modules\next\dist\cli\next-start.js
    at Module.<anonymous> (node:internal/modules/cjs/loader:1500:15)
    at D:\Course\Finel course projects\UniTop\node_modules\next\dist\server\require-hook.js:55:36
    at wrapResolveFilename (node:internal/modules/cjs/loader:1071:27)
    at defaultResolveImplForCJSLoading (node:internal/modules/cjs/loader:1095:10)
    at resolveForCJSWithHooks (node:internal/modules/cjs/loader:1116:12)
    at Module._load (node:internal/modules/cjs/loader:1285:25)
    at wrapModuleLoad (node:internal/modules/cjs/loader:255:19)
    at Module.<anonymous> (node:internal/modules/cjs/loader:1600:12)
    at mod.require (D:\Course\Finel course projects\UniTop\node_modules\next\dist\server\require-hook.js:65:28)
    at require (node:internal/modules/helpers:153:16) {
  code: 'MODULE_NOT_FOUND',
  requireStack: [
    'D:\\Course\\Finel course projects\\UniTop\\node_modules\\next\\dist\\server\\require.js',
    'D:\\Course\\Finel course projects\\UniTop\\node_modules\\next\\dist\\server\\next-server.js',
    'D:\\Course\\Finel course projects\\UniTop\\node_modules\\next\\dist\\server\\next.js',
    'D:\\Course\\Finel course projects\\UniTop\\node_modules\\next\\dist\\server\\lib\\start-server.js',
    'D:\\Course\\Finel course projects\\UniTop\\node_modules\\next\\dist\\cli\\next-start.js'
  ]
}
 ⨯ Error: Cannot find module 'D:\Course\Finel course projects\UniTop\.next\server\app\_not-found\page.js'
Require stack:
- D:\Course\Finel course projects\UniTop\node_modules\next\dist\server\require.js
- D:\Course\Finel course projects\UniTop\node_modules\next\dist\server\next-server.js
- D:\Course\Finel course projects\UniTop\node_modules\next\dist\server\next.js
- D:\Course\Finel course projects\UniTop\node_modules\next\dist\server\lib\start-server.js
- D:\Course\Finel course projects\UniTop\node_modules\next\dist\cli\next-start.js
    at Module.<anonymous> (node:internal/modules/cjs/loader:1500:15)
    at D:\Course\Finel course projects\UniTop\node_modules\next\dist\server\require-hook.js:55:36
    at wrapResolveFilename (node:internal/modules/cjs/loader:1071:27)
    at defaultResolveImplForCJSLoading (node:internal/modules/cjs/loader:1095:10)
    at resolveForCJSWithHooks (node:internal/modules/cjs/loader:1116:12)
    at Module._load (node:internal/modules/cjs/loader:1285:25)
    at wrapModuleLoad (node:internal/modules/cjs/loader:255:19)
    at Module.<anonymous> (node:internal/modules/cjs/loader:1600:12)
    at mod.require (D:\Course\Finel course projects\UniTop\node_modules\next\dist\server\require-hook.js:65:28)
    at require (node:internal/modules/helpers:153:16) {
  code: 'MODULE_NOT_FOUND',
  requireStack: [
    'D:\\Course\\Finel course projects\\UniTop\\node_modules\\next\\dist\\server\\require.js',
    'D:\\Course\\Finel course projects\\UniTop\\node_modules\\next\\dist\\server\\next-server.js',
    'D:\\Course\\Finel course projects\\UniTop\\node_modules\\next\\dist\\server\\next.js',
    'D:\\Course\\Finel course projects\\UniTop\\node_modules\\next\\dist\\server\\lib\\start-server.js',
    'D:\\Course\\Finel course projects\\UniTop\\node_modules\\next\\dist\\cli\\next-start.js'
  ]
}
 ⨯ Error: Cannot find module 'D:\Course\Finel course projects\UniTop\.next\server\pages\_error.js'
Require stack:
- D:\Course\Finel course projects\UniTop\node_modules\next\dist\server\require.js
- D:\Course\Finel course projects\UniTop\node_modules\next\dist\server\next-server.js
- D:\Course\Finel course projects\UniTop\node_modules\next\dist\server\next.js
- D:\Course\Finel course projects\UniTop\node_modules\next\dist\server\lib\start-server.js
- D:\Course\Finel course projects\UniTop\node_modules\next\dist\cli\next-start.js
    at Module.<anonymous> (node:internal/modules/cjs/loader:1500:15)
    at D:\Course\Finel course projects\UniTop\node_modules\next\dist\server\require-hook.js:55:36
    at wrapResolveFilename (node:internal/modules/cjs/loader:1071:27)
    at defaultResolveImplForCJSLoading (node:internal/modules/cjs/loader:1095:10)
    at resolveForCJSWithHooks (node:internal/modules/cjs/loader:1116:12)
    at Module._load (node:internal/modules/cjs/loader:1285:25)
    at wrapModuleLoad (node:internal/modules/cjs/loader:255:19)
    at Module.<anonymous> (node:internal/modules/cjs/loader:1600:12)
    at mod.require (D:\Course\Finel course projects\UniTop\node_modules\next\dist\server\require-hook.js:65:28)
    at require (node:internal/modules/helpers:153:16) {
  code: 'MODULE_NOT_FOUND',
  requireStack: [
    'D:\\Course\\Finel course projects\\UniTop\\node_modules\\next\\dist\\server\\require.js',
    'D:\\Course\\Finel course projects\\UniTop\\node_modules\\next\\dist\\server\\next-server.js',
    'D:\\Course\\Finel course projects\\UniTop\\node_modules\\next\\dist\\server\\next.js',
    'D:\\Course\\Finel course projects\\UniTop\\node_modules\\next\\dist\\server\\lib\\start-server.js',
    'D:\\Course\\Finel course projects\\UniTop\\node_modules\\next\\dist\\cli\\next-start.js'
  ]
}
 ⨯ Error: Cannot find module 'D:\Course\Finel course projects\UniTop\.next\server\pages\_error.js'
Require stack:
- D:\Course\Finel course projects\UniTop\node_modules\next\dist\server\require.js
- D:\Course\Finel course projects\UniTop\node_modules\next\dist\server\next-server.js
- D:\Course\Finel course projects\UniTop\node_modules\next\dist\server\next.js
- D:\Course\Finel course projects\UniTop\node_modules\next\dist\server\lib\start-server.js
- D:\Course\Finel course projects\UniTop\node_modules\next\dist\cli\next-start.js
    at Module.<anonymous> (node:internal/modules/cjs/loader:1500:15)
    at D:\Course\Finel course projects\UniTop\node_modules\next\dist\server\require-hook.js:55:36
    at wrapResolveFilename (node:internal/modules/cjs/loader:1071:27)
    at defaultResolveImplForCJSLoading (node:internal/modules/cjs/loader:1095:10)
    at resolveForCJSWithHooks (node:internal/modules/cjs/loader:1116:12)
    at Module._load (node:internal/modules/cjs/loader:1285:25)
    at wrapModuleLoad (node:internal/modules/cjs/loader:255:19)
    at Module.<anonymous> (node:internal/modules/cjs/loader:1600:12)
    at mod.require (D:\Course\Finel course projects\UniTop\node_modules\next\dist\server\require-hook.js:65:28)
    at require (node:internal/modules/helpers:153:16) {
  code: 'MODULE_NOT_FOUND',
  requireStack: [
    'D:\\Course\\Finel course projects\\UniTop\\node_modules\\next\\dist\\server\\require.js',
    'D:\\Course\\Finel course projects\\UniTop\\node_modules\\next\\dist\\server\\next-server.js',
    'D:\\Course\\Finel course projects\\UniTop\\node_modules\\next\\dist\\server\\next.js',
    'D:\\Course\\Finel course projects\\UniTop\\node_modules\\next\\dist\\server\\lib\\start-server.js',
    'D:\\Course\\Finel course projects\\UniTop\\node_modules\\next\\dist\\cli\\next-start.js'
  ]
}
 ⨯ Error: Cannot find module 'D:\Course\Finel course projects\UniTop\.next\server\pages\_error.js'
Require stack:
- D:\Course\Finel course projects\UniTop\node_modules\next\dist\server\require.js
- D:\Course\Finel course projects\UniTop\node_modules\next\dist\server\next-server.js
- D:\Course\Finel course projects\UniTop\node_modules\next\dist\server\next.js
- D:\Course\Finel course projects\UniTop\node_modules\next\dist\server\lib\start-server.js
- D:\Course\Finel course projects\UniTop\node_modules\next\dist\cli\next-start.js
    at Module.<anonymous> (node:internal/modules/cjs/loader:1500:15)
    at D:\Course\Finel course projects\UniTop\node_modules\next\dist\server\require-hook.js:55:36
    at wrapResolveFilename (node:internal/modules/cjs/loader:1071:27)
    at defaultResolveImplForCJSLoading (node:internal/modules/cjs/loader:1095:10)
    at resolveForCJSWithHooks (node:internal/modules/cjs/loader:1116:12)
    at Module._load (node:internal/modules/cjs/loader:1285:25)
    at wrapModuleLoad (node:internal/modules/cjs/loader:255:19)
    at Module.<anonymous> (node:internal/modules/cjs/loader:1600:12)
    at mod.require (D:\Course\Finel course projects\UniTop\node_modules\next\dist\server\require-hook.js:65:28)
    at require (node:internal/modules/helpers:153:16) {
  code: 'MODULE_NOT_FOUND',
  requireStack: [
    'D:\\Course\\Finel course projects\\UniTop\\node_modules\\next\\dist\\server\\require.js',
    'D:\\Course\\Finel course projects\\UniTop\\node_modules\\next\\dist\\server\\next-server.js',
    'D:\\Course\\Finel course projects\\UniTop\\node_modules\\next\\dist\\server\\next.js',
    'D:\\Course\\Finel course projects\\UniTop\\node_modules\\next\\dist\\server\\lib\\start-server.js',
    'D:\\Course\\Finel course projects\\UniTop\\node_modules\\next\\dist\\cli\\next-start.js'
  ]
}
 ⨯ Error: Cannot find module 'D:\Course\Finel course projects\UniTop\.next\server\pages\_error.js'
Require stack:
- D:\Course\Finel course projects\UniTop\node_modules\next\dist\server\require.js
- D:\Course\Finel course projects\UniTop\node_modules\next\dist\server\next-server.js
- D:\Course\Finel course projects\UniTop\node_modules\next\dist\server\next.js
- D:\Course\Finel course projects\UniTop\node_modules\next\dist\server\lib\start-server.js
- D:\Course\Finel course projects\UniTop\node_modules\next\dist\cli\next-start.js
    at Module.<anonymous> (node:internal/modules/cjs/loader:1500:15)
    at D:\Course\Finel course projects\UniTop\node_modules\next\dist\server\require-hook.js:55:36
    at wrapResolveFilename (node:internal/modules/cjs/loader:1071:27)
    at defaultResolveImplForCJSLoading (node:internal/modules/cjs/loader:1095:10)
    at resolveForCJSWithHooks (node:internal/modules/cjs/loader:1116:12)
    at Module._load (node:internal/modules/cjs/loader:1285:25)
    at wrapModuleLoad (node:internal/modules/cjs/loader:255:19)
    at Module.<anonymous> (node:internal/modules/cjs/loader:1600:12)
    at mod.require (D:\Course\Finel course projects\UniTop\node_modules\next\dist\server\require-hook.js:65:28)
    at require (node:internal/modules/helpers:153:16) {
  code: 'MODULE_NOT_FOUND',
  requireStack: [
    'D:\\Course\\Finel course projects\\UniTop\\node_modules\\next\\dist\\server\\require.js',
    'D:\\Course\\Finel course projects\\UniTop\\node_modules\\next\\dist\\server\\next-server.js',
    'D:\\Course\\Finel course projects\\UniTop\\node_modules\\next\\dist\\server\\next.js',
    'D:\\Course\\Finel course projects\\UniTop\\node_modules\\next\\dist\\server\\lib\\start-server.js',
    'D:\\Course\\Finel course projects\\UniTop\\node_modules\\next\\dist\\cli\\next-start.js'
  ]
}
 ⨯ Error: Cannot find module 'D:\Course\Finel course projects\UniTop\.next\server\pages\_error.js'
Require stack:
- D:\Course\Finel course projects\UniTop\node_modules\next\dist\server\require.js
- D:\Course\Finel course projects\UniTop\node_modules\next\dist\server\next-server.js
- D:\Course\Finel course projects\UniTop\node_modules\next\dist\server\next.js
- D:\Course\Finel course projects\UniTop\node_modules\next\dist\server\lib\start-server.js
- D:\Course\Finel course projects\UniTop\node_modules\next\dist\cli\next-start.js
    at Module.<anonymous> (node:internal/modules/cjs/loader:1500:15)
    at D:\Course\Finel course projects\UniTop\node_modules\next\dist\server\require-hook.js:55:36
    at wrapResolveFilename (node:internal/modules/cjs/loader:1071:27)
    at defaultResolveImplForCJSLoading (node:internal/modules/cjs/loader:1095:10)
    at resolveForCJSWithHooks (node:internal/modules/cjs/loader:1116:12)
    at Module._load (node:internal/modules/cjs/loader:1285:25)
    at wrapModuleLoad (node:internal/modules/cjs/loader:255:19)
    at Module.<anonymous> (node:internal/modules/cjs/loader:1600:12)
    at mod.require (D:\Course\Finel course projects\UniTop\node_modules\next\dist\server\require-hook.js:65:28)
    at require (node:internal/modules/helpers:153:16) {
  code: 'MODULE_NOT_FOUND',
  requireStack: [
    'D:\\Course\\Finel course projects\\UniTop\\node_modules\\next\\dist\\server\\require.js',
    'D:\\Course\\Finel course projects\\UniTop\\node_modules\\next\\dist\\server\\next-server.js',
    'D:\\Course\\Finel course projects\\UniTop\\node_modules\\next\\dist\\server\\next.js',
    'D:\\Course\\Finel course projects\\UniTop\\node_modules\\next\\dist\\server\\lib\\start-server.js',
    'D:\\Course\\Finel course projects\\UniTop\\node_modules\\next\\dist\\cli\\next-start.js'
  ]
}
 ⨯ Error: Cannot find module 'D:\Course\Finel course projects\UniTop\.next\server\pages\_error.js'
Require stack:
- D:\Course\Finel course projects\UniTop\node_modules\next\dist\server\require.js
- D:\Course\Finel course projects\UniTop\node_modules\next\dist\server\next-server.js
- D:\Course\Finel course projects\UniTop\node_modules\next\dist\server\next.js
- D:\Course\Finel course projects\UniTop\node_modules\next\dist\server\lib\start-server.js
- D:\Course\Finel course projects\UniTop\node_modules\next\dist\cli\next-start.js
    at Module.<anonymous> (node:internal/modules/cjs/loader:1500:15)
    at D:\Course\Finel course projects\UniTop\node_modules\next\dist\server\require-hook.js:55:36
    at wrapResolveFilename (node:internal/modules/cjs/loader:1071:27)
    at defaultResolveImplForCJSLoading (node:internal/modules/cjs/loader:1095:10)
    at resolveForCJSWithHooks (node:internal/modules/cjs/loader:1116:12)
    at Module._load (node:internal/modules/cjs/loader:1285:25)
    at wrapModuleLoad (node:internal/modules/cjs/loader:255:19)
    at Module.<anonymous> (node:internal/modules/cjs/loader:1600:12)
    at mod.require (D:\Course\Finel course projects\UniTop\node_modules\next\dist\server\require-hook.js:65:28)
    at require (node:internal/modules/helpers:153:16) {
  code: 'MODULE_NOT_FOUND',
  requireStack: [
    'D:\\Course\\Finel course projects\\UniTop\\node_modules\\next\\dist\\server\\require.js',
    'D:\\Course\\Finel course projects\\UniTop\\node_modules\\next\\dist\\server\\next-server.js',
    'D:\\Course\\Finel course projects\\UniTop\\node_modules\\next\\dist\\server\\next.js',
    'D:\\Course\\Finel course projects\\UniTop\\node_modules\\next\\dist\\server\\lib\\start-server.js',
    'D:\\Course\\Finel course projects\\UniTop\\node_modules\\next\\dist\\cli\\next-start.js'
  ]
}
 ⨯ Error: Cannot find module 'D:\Course\Finel course projects\UniTop\.next\server\app\_not-found\page.js'
Require stack:
- D:\Course\Finel course projects\UniTop\node_modules\next\dist\server\require.js
- D:\Course\Finel course projects\UniTop\node_modules\next\dist\server\next-server.js
- D:\Course\Finel course projects\UniTop\node_modules\next\dist\server\next.js
- D:\Course\Finel course projects\UniTop\node_modules\next\dist\server\lib\start-server.js
- D:\Course\Finel course projects\UniTop\node_modules\next\dist\cli\next-start.js
    at Module.<anonymous> (node:internal/modules/cjs/loader:1500:15)
    at D:\Course\Finel course projects\UniTop\node_modules\next\dist\server\require-hook.js:55:36
    at wrapResolveFilename (node:internal/modules/cjs/loader:1071:27)
    at defaultResolveImplForCJSLoading (node:internal/modules/cjs/loader:1095:10)
    at resolveForCJSWithHooks (node:internal/modules/cjs/loader:1116:12)
    at Module._load (node:internal/modules/cjs/loader:1285:25)
    at wrapModuleLoad (node:internal/modules/cjs/loader:255:19)
    at Module.<anonymous> (node:internal/modules/cjs/loader:1600:12)
    at mod.require (D:\Course\Finel course projects\UniTop\node_modules\next\dist\server\require-hook.js:65:28)
    at require (node:internal/modules/helpers:153:16) {
  code: 'MODULE_NOT_FOUND',
  requireStack: [
    'D:\\Course\\Finel course projects\\UniTop\\node_modules\\next\\dist\\server\\require.js',
    'D:\\Course\\Finel course projects\\UniTop\\node_modules\\next\\dist\\server\\next-server.js',
    'D:\\Course\\Finel course projects\\UniTop\\node_modules\\next\\dist\\server\\next.js',
    'D:\\Course\\Finel course projects\\UniTop\\node_modules\\next\\dist\\server\\lib\\start-server.js',
    'D:\\Course\\Finel course projects\\UniTop\\node_modules\\next\\dist\\cli\\next-start.js'
  ]
}
 ⨯ Error: Cannot find module 'D:\Course\Finel course projects\UniTop\.next\server\pages\_error.js'
Require stack:
- D:\Course\Finel course projects\UniTop\node_modules\next\dist\server\require.js
- D:\Course\Finel course projects\UniTop\node_modules\next\dist\server\next-server.js
- D:\Course\Finel course projects\UniTop\node_modules\next\dist\server\next.js
- D:\Course\Finel course projects\UniTop\node_modules\next\dist\server\lib\start-server.js
- D:\Course\Finel course projects\UniTop\node_modules\next\dist\cli\next-start.js
    at Module.<anonymous> (node:internal/modules/cjs/loader:1500:15)
    at D:\Course\Finel course projects\UniTop\node_modules\next\dist\server\require-hook.js:55:36
    at wrapResolveFilename (node:internal/modules/cjs/loader:1071:27)
    at defaultResolveImplForCJSLoading (node:internal/modules/cjs/loader:1095:10)
    at resolveForCJSWithHooks (node:internal/modules/cjs/loader:1116:12)
    at Module._load (node:internal/modules/cjs/loader:1285:25)
    at wrapModuleLoad (node:internal/modules/cjs/loader:255:19)
    at Module.<anonymous> (node:internal/modules/cjs/loader:1600:12)
    at mod.require (D:\Course\Finel course projects\UniTop\node_modules\next\dist\server\require-hook.js:65:28)
    at require (node:internal/modules/helpers:153:16) {
  code: 'MODULE_NOT_FOUND',
  requireStack: [
    'D:\\Course\\Finel course projects\\UniTop\\node_modules\\next\\dist\\server\\require.js',
    'D:\\Course\\Finel course projects\\UniTop\\node_modules\\next\\dist\\server\\next-server.js',
    'D:\\Course\\Finel course projects\\UniTop\\node_modules\\next\\dist\\server\\next.js',
    'D:\\Course\\Finel course projects\\UniTop\\node_modules\\next\\dist\\server\\lib\\start-server.js',
    'D:\\Course\\Finel course projects\\UniTop\\node_modules\\next\\dist\\cli\\next-start.js'
  ]
}
 ⨯ Error: Cannot find module 'D:\Course\Finel course projects\UniTop\.next\server\pages\_error.js'
Require stack:
- D:\Course\Finel course projects\UniTop\node_modules\next\dist\server\require.js
- D:\Course\Finel course projects\UniTop\node_modules\next\dist\server\next-server.js
- D:\Course\Finel course projects\UniTop\node_modules\next\dist\server\next.js
- D:\Course\Finel course projects\UniTop\node_modules\next\dist\server\lib\start-server.js
- D:\Course\Finel course projects\UniTop\node_modules\next\dist\cli\next-start.js
    at Module.<anonymous> (node:internal/modules/cjs/loader:1500:15)
    at D:\Course\Finel course projects\UniTop\node_modules\next\dist\server\require-hook.js:55:36
    at wrapResolveFilename (node:internal/modules/cjs/loader:1071:27)
    at defaultResolveImplForCJSLoading (node:internal/modules/cjs/loader:1095:10)
    at resolveForCJSWithHooks (node:internal/modules/cjs/loader:1116:12)
    at Module._load (node:internal/modules/cjs/loader:1285:25)
    at wrapModuleLoad (node:internal/modules/cjs/loader:255:19)
    at Module.<anonymous> (node:internal/modules/cjs/loader:1600:12)
    at mod.require (D:\Course\Finel course projects\UniTop\node_modules\next\dist\server\require-hook.js:65:28)
    at require (node:internal/modules/helpers:153:16) {
  code: 'MODULE_NOT_FOUND',
  requireStack: [
    'D:\\Course\\Finel course projects\\UniTop\\node_modules\\next\\dist\\server\\require.js',
    'D:\\Course\\Finel course projects\\UniTop\\node_modules\\next\\dist\\server\\next-server.js',
    'D:\\Course\\Finel course projects\\UniTop\\node_modules\\next\\dist\\server\\next.js',
    'D:\\Course\\Finel course projects\\UniTop\\node_modules\\next\\dist\\server\\lib\\start-server.js',
    'D:\\Course\\Finel course projects\\UniTop\\node_modules\\next\\dist\\cli\\next-start.js'
  ]
}
 ⨯ Error: Cannot find module 'D:\Course\Finel course projects\UniTop\.next\server\pages\_error.js'
Require stack:
- D:\Course\Finel course projects\UniTop\node_modules\next\dist\server\require.js
- D:\Course\Finel course projects\UniTop\node_modules\next\dist\server\next-server.js
- D:\Course\Finel course projects\UniTop\node_modules\next\dist\server\next.js
- D:\Course\Finel course projects\UniTop\node_modules\next\dist\server\lib\start-server.js
- D:\Course\Finel course projects\UniTop\node_modules\next\dist\cli\next-start.js
    at Module.<anonymous> (node:internal/modules/cjs/loader:1500:15)
    at D:\Course\Finel course projects\UniTop\node_modules\next\dist\server\require-hook.js:55:36
    at wrapResolveFilename (node:internal/modules/cjs/loader:1071:27)
    at defaultResolveImplForCJSLoading (node:internal/modules/cjs/loader:1095:10)
    at resolveForCJSWithHooks (node:internal/modules/cjs/loader:1116:12)
    at Module._load (node:internal/modules/cjs/loader:1285:25)
    at wrapModuleLoad (node:internal/modules/cjs/loader:255:19)
    at Module.<anonymous> (node:internal/modules/cjs/loader:1600:12)
    at mod.require (D:\Course\Finel course projects\UniTop\node_modules\next\dist\server\require-hook.js:65:28)
    at require (node:internal/modules/helpers:153:16) {
  code: 'MODULE_NOT_FOUND',
  requireStack: [
    'D:\\Course\\Finel course projects\\UniTop\\node_modules\\next\\dist\\server\\require.js',
    'D:\\Course\\Finel course projects\\UniTop\\node_modules\\next\\dist\\server\\next-server.js',
    'D:\\Course\\Finel course projects\\UniTop\\node_modules\\next\\dist\\server\\next.js',
    'D:\\Course\\Finel course projects\\UniTop\\node_modules\\next\\dist\\server\\lib\\start-server.js',
    'D:\\Course\\Finel course projects\\UniTop\\node_modules\\next\\dist\\cli\\next-start.js'
  ]
}
 ⨯ Error: Cannot find module 'D:\Course\Finel course projects\UniTop\.next\server\pages\_error.js'
Require stack:
- D:\Course\Finel course projects\UniTop\node_modules\next\dist\server\require.js
- D:\Course\Finel course projects\UniTop\node_modules\next\dist\server\next-server.js
- D:\Course\Finel course projects\UniTop\node_modules\next\dist\server\next.js
- D:\Course\Finel course projects\UniTop\node_modules\next\dist\server\lib\start-server.js
- D:\Course\Finel course projects\UniTop\node_modules\next\dist\cli\next-start.js
    at Module.<anonymous> (node:internal/modules/cjs/loader:1500:15)
    at D:\Course\Finel course projects\UniTop\node_modules\next\dist\server\require-hook.js:55:36
    at wrapResolveFilename (node:internal/modules/cjs/loader:1071:27)
    at defaultResolveImplForCJSLoading (node:internal/modules/cjs/loader:1095:10)
    at resolveForCJSWithHooks (node:internal/modules/cjs/loader:1116:12)
    at Module._load (node:internal/modules/cjs/loader:1285:25)
    at wrapModuleLoad (node:internal/modules/cjs/loader:255:19)
    at Module.<anonymous> (node:internal/modules/cjs/loader:1600:12)
    at mod.require (D:\Course\Finel course projects\UniTop\node_modules\next\dist\server\require-hook.js:65:28)
    at require (node:internal/modules/helpers:153:16) {
  code: 'MODULE_NOT_FOUND',
  requireStack: [
    'D:\\Course\\Finel course projects\\UniTop\\node_modules\\next\\dist\\server\\require.js',
    'D:\\Course\\Finel course projects\\UniTop\\node_modules\\next\\dist\\server\\next-server.js',
    'D:\\Course\\Finel course projects\\UniTop\\node_modules\\next\\dist\\server\\next.js',
    'D:\\Course\\Finel course projects\\UniTop\\node_modules\\next\\dist\\server\\lib\\start-server.js',
    'D:\\Course\\Finel course projects\\UniTop\\node_modules\\next\\dist\\cli\\next-start.js'
  ]
}
 ⨯ Error: Cannot find module 'D:\Course\Finel course projects\UniTop\.next\server\pages\_error.js'
Require stack:
- D:\Course\Finel course projects\UniTop\node_modules\next\dist\server\require.js
- D:\Course\Finel course projects\UniTop\node_modules\next\dist\server\next-server.js
- D:\Course\Finel course projects\UniTop\node_modules\next\dist\server\next.js
- D:\Course\Finel course projects\UniTop\node_modules\next\dist\server\lib\start-server.js
- D:\Course\Finel course projects\UniTop\node_modules\next\dist\cli\next-start.js
    at Module.<anonymous> (node:internal/modules/cjs/loader:1500:15)
    at D:\Course\Finel course projects\UniTop\node_modules\next\dist\server\require-hook.js:55:36
    at wrapResolveFilename (node:internal/modules/cjs/loader:1071:27)
    at defaultResolveImplForCJSLoading (node:internal/modules/cjs/loader:1095:10)
    at resolveForCJSWithHooks (node:internal/modules/cjs/loader:1116:12)
    at Module._load (node:internal/modules/cjs/loader:1285:25)
    at wrapModuleLoad (node:internal/modules/cjs/loader:255:19)
    at Module.<anonymous> (node:internal/modules/cjs/loader:1600:12)
    at mod.require (D:\Course\Finel course projects\UniTop\node_modules\next\dist\server\require-hook.js:65:28)
    at require (node:internal/modules/helpers:153:16) {
  code: 'MODULE_NOT_FOUND',
  requireStack: [
    'D:\\Course\\Finel course projects\\UniTop\\node_modules\\next\\dist\\server\\require.js',
    'D:\\Course\\Finel course projects\\UniTop\\node_modules\\next\\dist\\server\\next-server.js',
    'D:\\Course\\Finel course projects\\UniTop\\node_modules\\next\\dist\\server\\next.js',
    'D:\\Course\\Finel course projects\\UniTop\\node_modules\\next\\dist\\server\\lib\\start-server.js',
    'D:\\Course\\Finel course projects\\UniTop\\node_modules\\next\\dist\\cli\\next-start.js'
  ]
}
 ⨯ Error: Cannot find module 'D:\Course\Finel course projects\UniTop\.next\server\pages\_error.js'
Require stack:
- D:\Course\Finel course projects\UniTop\node_modules\next\dist\server\require.js
- D:\Course\Finel course projects\UniTop\node_modules\next\dist\server\next-server.js
- D:\Course\Finel course projects\UniTop\node_modules\next\dist\server\next.js
- D:\Course\Finel course projects\UniTop\node_modules\next\dist\server\lib\start-server.js
- D:\Course\Finel course projects\UniTop\node_modules\next\dist\cli\next-start.js
    at Module.<anonymous> (node:internal/modules/cjs/loader:1500:15)
    at D:\Course\Finel course projects\UniTop\node_modules\next\dist\server\require-hook.js:55:36
    at wrapResolveFilename (node:internal/modules/cjs/loader:1071:27)
    at defaultResolveImplForCJSLoading (node:internal/modules/cjs/loader:1095:10)
    at resolveForCJSWithHooks (node:internal/modules/cjs/loader:1116:12)
    at Module._load (node:internal/modules/cjs/loader:1285:25)
    at wrapModuleLoad (node:internal/modules/cjs/loader:255:19)
    at Module.<anonymous> (node:internal/modules/cjs/loader:1600:12)
    at mod.require (D:\Course\Finel course projects\UniTop\node_modules\next\dist\server\require-hook.js:65:28)
    at require (node:internal/modules/helpers:153:16) {
  code: 'MODULE_NOT_FOUND',
  requireStack: [
    'D:\\Course\\Finel course projects\\UniTop\\node_modules\\next\\dist\\server\\require.js',
    'D:\\Course\\Finel course projects\\UniTop\\node_modules\\next\\dist\\server\\next-server.js',
    'D:\\Course\\Finel course projects\\UniTop\\node_modules\\next\\dist\\server\\next.js',
    'D:\\Course\\Finel course projects\\UniTop\\node_modules\\next\\dist\\server\\lib\\start-server.js',
    'D:\\Course\\Finel course projects\\UniTop\\node_modules\\next\\dist\\cli\\next-start.js'
  ]
}
 ⨯ Error: Cannot find module 'D:\Course\Finel course projects\UniTop\.next\server\app\_not-found\page.js'
Require stack:
- D:\Course\Finel course projects\UniTop\node_modules\next\dist\server\require.js
- D:\Course\Finel course projects\UniTop\node_modules\next\dist\server\next-server.js
- D:\Course\Finel course projects\UniTop\node_modules\next\dist\server\next.js
- D:\Course\Finel course projects\UniTop\node_modules\next\dist\server\lib\start-server.js
- D:\Course\Finel course projects\UniTop\node_modules\next\dist\cli\next-start.js
    at Module.<anonymous> (node:internal/modules/cjs/loader:1500:15)
    at D:\Course\Finel course projects\UniTop\node_modules\next\dist\server\require-hook.js:55:36
    at wrapResolveFilename (node:internal/modules/cjs/loader:1071:27)
    at defaultResolveImplForCJSLoading (node:internal/modules/cjs/loader:1095:10)
    at resolveForCJSWithHooks (node:internal/modules/cjs/loader:1116:12)
    at Module._load (node:internal/modules/cjs/loader:1285:25)
    at wrapModuleLoad (node:internal/modules/cjs/loader:255:19)
    at Module.<anonymous> (node:internal/modules/cjs/loader:1600:12)
    at mod.require (D:\Course\Finel course projects\UniTop\node_modules\next\dist\server\require-hook.js:65:28)
    at require (node:internal/modules/helpers:153:16) {
  code: 'MODULE_NOT_FOUND',
  requireStack: [
    'D:\\Course\\Finel course projects\\UniTop\\node_modules\\next\\dist\\server\\require.js',
    'D:\\Course\\Finel course projects\\UniTop\\node_modules\\next\\dist\\server\\next-server.js',
    'D:\\Course\\Finel course projects\\UniTop\\node_modules\\next\\dist\\server\\next.js',
    'D:\\Course\\Finel course projects\\UniTop\\node_modules\\next\\dist\\server\\lib\\start-server.js',
    'D:\\Course\\Finel course projects\\UniTop\\node_modules\\next\\dist\\cli\\next-start.js'
  ]
}
